Flow report for Connect_Four
Fri Dec 01 17:12:18 2023
Quartus Prime Version 18.0.0 Build 614 04/24/2018 SJ Lite Edition


---------------------
; Table of Contents ;
---------------------
  1. Legal Notice
  2. Flow Summary
  3. Flow Settings
  4. Flow Non-Default Global Settings
  5. Flow Elapsed Time
  6. Flow OS Summary
  7. Flow Log
  8. Flow Messages
  9. Flow Suppressed Messages



----------------
; Legal Notice ;
----------------
Copyright (C) 2018  Intel Corporation. All rights reserved.
Your use of Intel Corporation's design tools, logic functions 
and other software and tools, and its AMPP partner logic 
functions, and any output files from any of the foregoing 
(including device programming or simulation files), and any 
associated documentation or information are expressly subject 
to the terms and conditions of the Intel Program License 
Subscription Agreement, the Intel Quartus Prime License Agreement,
the Intel FPGA IP License Agreement, or other applicable license
agreement, including, without limitation, that your use is for
the sole purpose of programming logic devices manufactured by
Intel and sold by Intel or its authorized distributors.  Please
refer to the applicable agreement for further details.



+-------------------------------------------------------------------------------+
; Flow Summary                                                                  ;
+---------------------------------+---------------------------------------------+
; Flow Status                     ; Successful - Fri Dec 01 17:11:51 2023       ;
; Quartus Prime Version           ; 18.0.0 Build 614 04/24/2018 SJ Lite Edition ;
; Revision Name                   ; Connect_Four                                ;
; Top-level Entity Name           ; Connect_Four                                ;
; Family                          ; Cyclone V                                   ;
; Device                          ; 5CSEMA5F31C6                                ;
; Timing Models                   ; Final                                       ;
; Logic utilization (in ALMs)     ; 1,738 / 32,070 ( 5 % )                      ;
; Total registers                 ; 765                                         ;
; Total pins                      ; 92 / 457 ( 20 % )                           ;
; Total virtual pins              ; 0                                           ;
; Total block memory bits         ; 2,781,268 / 4,065,280 ( 68 % )              ;
; Total DSP Blocks                ; 11 / 87 ( 13 % )                            ;
; Total HSSI RX PCSs              ; 0                                           ;
; Total HSSI PMA RX Deserializers ; 0                                           ;
; Total HSSI TX PCSs              ; 0                                           ;
; Total HSSI PMA TX Serializers   ; 0                                           ;
; Total PLLs                      ; 1 / 6 ( 17 % )                              ;
; Total DLLs                      ; 0 / 4 ( 0 % )                               ;
+---------------------------------+---------------------------------------------+


+-----------------------------------------+
; Flow Settings                           ;
+-------------------+---------------------+
; Option            ; Setting             ;
+-------------------+---------------------+
; Start date & time ; 12/01/2023 17:10:06 ;
; Main task         ; Compilation         ;
; Revision Name     ; Connect_Four        ;
+-------------------+---------------------+


+-------------------------------------------------------------------------------------------------------------------------------------------------+
; Flow Non-Default Global Settings                                                                                                                ;
+--------------------------------------------------------+----------------------------------------+--------------------+-------------+------------+
; Assignment Name                                        ; Value                                  ; Default Value      ; Entity Name ; Section Id ;
+--------------------------------------------------------+----------------------------------------+--------------------+-------------+------------+
; ADVANCED_PHYSICAL_OPTIMIZATION                         ; Off                                    ; On                 ; --          ; --         ;
; COMPILER_SIGNATURE_ID                                  ; 97401771182363.170146860622152         ; --                 ; --          ; --         ;
; FINAL_PLACEMENT_OPTIMIZATION                           ; Always                                 ; Automatically      ; --          ; --         ;
; FITTER_EFFORT                                          ; Fast Fit                               ; Auto Fit           ; --          ; --         ;
; MAX_CORE_JUNCTION_TEMP                                 ; 85                                     ; --                 ; --          ; --         ;
; MIN_CORE_JUNCTION_TEMP                                 ; 0                                      ; --                 ; --          ; --         ;
; MISC_FILE                                              ; game_over_bb.v                         ; --                 ; --          ; --         ;
; OPTIMIZATION_TECHNIQUE                                 ; Speed                                  ; Balanced           ; --          ; --         ;
; OPTIMIZE_MULTI_CORNER_TIMING                           ; Off                                    ; On                 ; --          ; --         ;
; OPTIMIZE_TIMING                                        ; Off                                    ; Normal compilation ; --          ; --         ;
; PARTITION_COLOR                                        ; -- (Not supported for targeted family) ; --                 ; --          ; Top        ;
; PARTITION_FITTER_PRESERVATION_LEVEL                    ; -- (Not supported for targeted family) ; --                 ; --          ; Top        ;
; PARTITION_NETLIST_TYPE                                 ; -- (Not supported for targeted family) ; --                 ; --          ; Top        ;
; PHYSICAL_SYNTHESIS_EFFORT                              ; Fast                                   ; Normal             ; --          ; --         ;
; POWER_BOARD_THERMAL_MODEL                              ; None (CONSERVATIVE)                    ; --                 ; --          ; --         ;
; POWER_PRESET_COOLING_SOLUTION                          ; 23 MM HEAT SINK WITH 200 LFPM AIRFLOW  ; --                 ; --          ; --         ;
; PROJECT_OUTPUT_DIRECTORY                               ; output_files                           ; --                 ; --          ; --         ;
; SMART_RECOMPILE                                        ; On                                     ; Off                ; --          ; --         ;
; TIMING_ANALYZER_REPORT_SCRIPT_INCLUDE_DEFAULT_ANALYSIS ; Off                                    ; On                 ; --          ; --         ;
+--------------------------------------------------------+----------------------------------------+--------------------+-------------+------------+


+--------------------------------------------------------------------------------------------------------------------------+
; Flow Elapsed Time                                                                                                        ;
+----------------------+--------------+-------------------------+---------------------+------------------------------------+
; Module Name          ; Elapsed Time ; Average Processors Used ; Peak Virtual Memory ; Total CPU Time (on all processors) ;
+----------------------+--------------+-------------------------+---------------------+------------------------------------+
; Analysis & Synthesis ; 00:00:45     ; 1.0                     ; 5159 MB             ; 00:00:24                           ;
; Fitter               ; 00:00:43     ; 1.0                     ; 6056 MB             ; 00:00:28                           ;
; Assembler            ; 00:00:11     ; 1.0                     ; 4909 MB             ; 00:00:06                           ;
; Timing Analyzer      ; 00:00:26     ; 2.6                     ; 5290 MB             ; 00:00:21                           ;
; Total                ; 00:02:05     ; --                      ; --                  ; 00:01:19                           ;
+----------------------+--------------+-------------------------+---------------------+------------------------------------+


+------------------------------------------------------------------------------------+
; Flow OS Summary                                                                    ;
+----------------------+------------------+------------+------------+----------------+
; Module Name          ; Machine Hostname ; OS Name    ; OS Version ; Processor type ;
+----------------------+------------------+------------+------------+----------------+
; Analysis & Synthesis ; Selim-Laptop     ; Windows 10 ; 10.0       ; x86_64         ;
; Fitter               ; Selim-Laptop     ; Windows 10 ; 10.0       ; x86_64         ;
; Assembler            ; Selim-Laptop     ; Windows 10 ; 10.0       ; x86_64         ;
; Timing Analyzer      ; Selim-Laptop     ; Windows 10 ; 10.0       ; x86_64         ;
+----------------------+------------------+------------+------------+----------------+


------------
; Flow Log ;
------------
quartus_map --read_settings_files=on --write_settings_files=off Connect_Four -c Connect_Four
quartus_fit --read_settings_files=off --write_settings_files=off Connect_Four -c Connect_Four
quartus_asm --read_settings_files=off --write_settings_files=off Connect_Four -c Connect_Four
quartus_sta Connect_Four -c Connect_Four



